<?xml version="1.0" encoding="UTF-8"?>
<testsuite name="invocation.CommandLineArgParser_OptionTest" tests="22" skipped="0" failures="0" errors="0" timestamp="2015-08-17T01:30:05" hostname="Pseudopolis" time="0.132">
  <properties/>
  <testcase name="addVerboseFlag_throws_IllegalArgumentException_if_flag_contains_space" classname="invocation.CommandLineArgParser_OptionTest" time="0.063"/>
  <testcase name="parse_returns_false_if_verbose_flag_not_matched" classname="invocation.CommandLineArgParser_OptionTest" time="0.001"/>
  <testcase name="addFlag_with_single_char_param_calls_addOneCharFlag" classname="invocation.CommandLineArgParser_OptionTest" time="0.004"/>
  <testcase name="parse_calls_performAction_with_all_arguments_if_equals_argument_provides_multiple_space_separated_args_in_quotes" classname="invocation.CommandLineArgParser_OptionTest" time="0.004"/>
  <testcase name="test_returns_true_when_one_char_flag_has_been_set" classname="invocation.CommandLineArgParser_OptionTest" time="0.002"/>
  <testcase name="parse_calls_performAction_if_verbose_flag_matched" classname="invocation.CommandLineArgParser_OptionTest" time="0.002"/>
  <testcase name="addVerboseFlag_throws_IllegalArgumentException_if_flag_contains_equals" classname="invocation.CommandLineArgParser_OptionTest" time="0.002"/>
  <testcase name="performAction_calls_act_on_all_added_actions" classname="invocation.CommandLineArgParser_OptionTest" time="0.01"/>
  <testcase name="parse_returns_true_if_verbose_flag_matched" classname="invocation.CommandLineArgParser_OptionTest" time="0.001"/>
  <testcase name="addVerboseFlag_throws_IllegalArgumentException_if_flag_starts_with_dash" classname="invocation.CommandLineArgParser_OptionTest" time="0.001"/>
  <testcase name="parse_calls_performAction_if_oneChar_flag_matched" classname="invocation.CommandLineArgParser_OptionTest" time="0.002"/>
  <testcase name="parse_calls_performAction_with_single_argument_if_equals_argument_provided" classname="invocation.CommandLineArgParser_OptionTest" time="0.001"/>
  <testcase name="addFlag_with_multi_char_param_calls_addVerboseFlag" classname="invocation.CommandLineArgParser_OptionTest" time="0.001"/>
  <testcase name="parse_returns_true_if_oneChar_flag_matched" classname="invocation.CommandLineArgParser_OptionTest" time="0.002"/>
  <testcase name="action_added_via_addAction_can_be_retrieved_via_getActions" classname="invocation.CommandLineArgParser_OptionTest" time="0.002"/>
  <testcase name="test_returns_false_when_no_flags_set" classname="invocation.CommandLineArgParser_OptionTest" time="0.003"/>
  <testcase name="test_returns_true_when_verbose_flag_has_been_set" classname="invocation.CommandLineArgParser_OptionTest" time="0.001"/>
  <testcase name="parse_returns_false_if_oneChar_flag_not_matched" classname="invocation.CommandLineArgParser_OptionTest" time="0.001"/>
  <testcase name="test_will_not_match_verbose_flag_to_one_char_flag" classname="invocation.CommandLineArgParser_OptionTest" time="0.001"/>
  <testcase name="performAction_calls_act_on_first_added_action" classname="invocation.CommandLineArgParser_OptionTest" time="0.001"/>
  <testcase name="addOneCharFlag_throws_IllegalArgumentException_if_nonletter_added_as_flag" classname="invocation.CommandLineArgParser_OptionTest" time="0.004"/>
  <testcase name="performAction_passes_arguments_on_to_action$act" classname="invocation.CommandLineArgParser_OptionTest" time="0.002"/>
  <system-out><![CDATA[]]></system-out>
  <system-err><![CDATA[]]></system-err>
</testsuite>
